0 info it worked if it ends with ok
1 verbose cli [ 'node',
1 verbose cli   '/usr/local/bin/npm',
1 verbose cli   'install',
1 verbose cli   'angular-scroll-glue',
1 verbose cli   '--save' ]
2 info using npm@1.4.23
3 info using node@v0.10.31
4 verbose readDependencies using package.json deps
5 verbose cache add [ 'angular-scroll-glue', null ]
6 verbose cache add name=undefined spec="angular-scroll-glue" args=["angular-scroll-glue",null]
7 verbose parsed url { protocol: null,
7 verbose parsed url   slashes: null,
7 verbose parsed url   auth: null,
7 verbose parsed url   host: null,
7 verbose parsed url   port: null,
7 verbose parsed url   hostname: null,
7 verbose parsed url   hash: null,
7 verbose parsed url   search: null,
7 verbose parsed url   query: null,
7 verbose parsed url   pathname: 'angular-scroll-glue',
7 verbose parsed url   path: 'angular-scroll-glue',
7 verbose parsed url   href: 'angular-scroll-glue' }
8 silly lockFile b37a6014-angular-scroll-glue angular-scroll-glue
9 verbose lock angular-scroll-glue /Users/youmengli/.npm/b37a6014-angular-scroll-glue.lock
10 silly lockFile b37a6014-angular-scroll-glue angular-scroll-glue
11 silly lockFile b37a6014-angular-scroll-glue angular-scroll-glue
12 verbose addNamed [ 'angular-scroll-glue', '' ]
13 verbose addNamed [ null, '*' ]
14 silly lockFile f6c8dd77-angular-scroll-glue angular-scroll-glue@
15 verbose lock angular-scroll-glue@ /Users/youmengli/.npm/f6c8dd77-angular-scroll-glue.lock
16 silly addNameRange { name: 'angular-scroll-glue', range: '*', hasData: false }
17 verbose request where is /angular-scroll-glue
18 verbose request registry https://registry.npmjs.org/
19 verbose request id 58ca93757e0e500e
20 verbose url raw /angular-scroll-glue
21 verbose url resolving [ 'https://registry.npmjs.org/', './angular-scroll-glue' ]
22 verbose url resolved https://registry.npmjs.org/angular-scroll-glue
23 verbose request where is https://registry.npmjs.org/angular-scroll-glue
24 info trying registry request attempt 1 at 15:25:22
25 http GET https://registry.npmjs.org/angular-scroll-glue
26 http 404 https://registry.npmjs.org/angular-scroll-glue
27 silly registry.get cb [ 404,
27 silly registry.get   { 'content-type': 'application/json',
27 silly registry.get     'cache-control': 'max-age=0',
27 silly registry.get     'content-length': '2',
27 silly registry.get     'accept-ranges': 'bytes',
27 silly registry.get     date: 'Mon, 21 Sep 2015 19:25:19 GMT',
27 silly registry.get     via: '1.1 varnish',
27 silly registry.get     age: '0',
27 silly registry.get     connection: 'keep-alive',
27 silly registry.get     'x-served-by': 'cache-atl6221-ATL',
27 silly registry.get     'x-cache': 'MISS',
27 silly registry.get     'x-cache-hits': '0',
27 silly registry.get     'x-timer': 'S1442863519.281402,VS0,VE33' } ]
28 silly lockFile f6c8dd77-angular-scroll-glue angular-scroll-glue@
29 silly lockFile f6c8dd77-angular-scroll-glue angular-scroll-glue@
30 error 404 Not Found
30 error 404
30 error 404 'angular-scroll-glue' is not in the npm registry.
30 error 404 You should bug the author to publish it
30 error 404 It was specified as a dependency of 'perGallery'
30 error 404
30 error 404 Note that you can also install from a
30 error 404 tarball, folder, or http url, or git url.
31 error System Darwin 14.5.0
32 error command "node" "/usr/local/bin/npm" "install" "angular-scroll-glue" "--save"
33 error cwd /Users/youmengli/Desktop/perGallery
34 error node -v v0.10.31
35 error npm -v 1.4.23
36 error code E404
37 verbose exit [ 1, true ]
